  Game.cpp
  main.cpp
C:\Users\apple\Documents\Code\C++\Battleship\directx9_imgui\main.cpp(4,9): warning C4068: unknown pragma 'disable'
C:\Users\apple\Documents\Code\C++\Battleship\directx9_imgui\main.cpp(72,46): warning C4244: 'initializing': conversion from 'float' to 'int', possible loss of data
C:\Users\apple\Documents\Code\C++\Battleship\directx9_imgui\main.cpp(73,47): warning C4244: 'initializing': conversion from 'float' to 'int', possible loss of data
C:\Users\apple\Documents\Code\C++\Battleship\directx9_imgui\main.cpp(76,42): warning C4244: 'initializing': conversion from 'float' to 'int', possible loss of data
C:\Users\apple\Documents\Code\C++\Battleship\directx9_imgui\main.cpp(82,46): warning C4244: 'initializing': conversion from 'float' to 'int', possible loss of data
C:\Users\apple\Documents\Code\C++\Battleship\directx9_imgui\main.cpp(83,47): warning C4244: 'initializing': conversion from 'float' to 'int', possible loss of data
C:\Users\apple\Documents\Code\C++\Battleship\directx9_imgui\main.cpp(428,74): warning C4244: 'argument': conversion from 'int' to 'float', possible loss of data
C:\Users\apple\Documents\Code\C++\Battleship\directx9_imgui\main.cpp(428,57): warning C4244: 'argument': conversion from 'int' to 'float', possible loss of data
C:\Users\apple\Documents\Code\C++\Battleship\directx9_imgui\main.cpp(429,79): warning C4244: 'argument': conversion from 'int' to 'float', possible loss of data
C:\Users\apple\Documents\Code\C++\Battleship\directx9_imgui\main.cpp(429,58): warning C4244: 'argument': conversion from 'int' to 'float', possible loss of data
C:\Users\apple\Documents\Code\C++\Battleship\directx9_imgui\main.cpp(441,72): warning C4244: 'argument': conversion from 'int' to 'float', possible loss of data
C:\Users\apple\Documents\Code\C++\Battleship\directx9_imgui\main.cpp(441,54): warning C4244: 'argument': conversion from 'int' to 'float', possible loss of data
C:\Users\apple\Documents\Code\C++\Battleship\directx9_imgui\main.cpp(442,77): warning C4244: 'argument': conversion from 'int' to 'float', possible loss of data
C:\Users\apple\Documents\Code\C++\Battleship\directx9_imgui\main.cpp(442,55): warning C4244: 'argument': conversion from 'int' to 'float', possible loss of data
C:\Users\apple\Documents\Code\C++\Battleship\directx9_imgui\main.cpp(481,74): warning C4244: 'argument': conversion from 'int' to 'float', possible loss of data
C:\Users\apple\Documents\Code\C++\Battleship\directx9_imgui\main.cpp(481,57): warning C4244: 'argument': conversion from 'int' to 'float', possible loss of data
C:\Users\apple\Documents\Code\C++\Battleship\directx9_imgui\main.cpp(482,79): warning C4244: 'argument': conversion from 'int' to 'float', possible loss of data
C:\Users\apple\Documents\Code\C++\Battleship\directx9_imgui\main.cpp(482,58): warning C4244: 'argument': conversion from 'int' to 'float', possible loss of data
  Generating code
  42 of 1996 functions ( 2.1%) were compiled, the rest were copied from previous compilation.
    9 functions were new in current compilation
    72 functions had inline decision re-evaluated but remain unchanged
  Finished generating code
  directx9_imgui.vcxproj -> C:\Users\apple\Documents\Code\C++\Battleship\Release\Battleship.exe
